<?xml version="1.0" encoding="UTF-8"?>
<!-- Generated by org.testng.reporters.JUnitReportReporter -->
<testsuite hostname="DESKTOP-AAMQG5Q" failures="0" tests="1" name="testngDemo.TestngDemo2" time="0.008" errors="0" timestamp="2025-07-10T20:53:55 IST" skipped="0">
  <testcase classname="testngDemo.TestngDemo2" name="demo3" time="0.008"/>
</testsuite> <!-- testngDemo.TestngDemo2 -->
