<?xml version="1.0" encoding="UTF-8"?>
<!-- Generated by org.testng.reporters.JUnitReportReporter -->
<testsuite hostname="DESKTOP-AAMQG5Q" failures="0" tests="2" name="reports.extentReports.ExtentReportTest" time="8.012" errors="0" timestamp="2025-07-13T18:12:42 IST" skipped="0">
  <testcase classname="reports.extentReports.ExtentReportTest" name="demoTest1" time="5.698"/>
  <testcase classname="reports.extentReports.ExtentReportTest" name="demoTest2" time="2.314"/>
</testsuite> <!-- reports.extentReports.ExtentReportTest -->
