<?xml version="1.0" encoding="UTF-8"?>
<!-- Generated by org.testng.reporters.JUnitReportReporter -->
<testsuite hostname="DESKTOP-AAMQG5Q" failures="0" tests="1" name="testngDemo.TestngDemo3" time="0.001" errors="0" timestamp="2025-07-10T20:53:55 IST" skipped="0">
  <testcase classname="testngDemo.TestngDemo3" name="demo4" time="0.001"/>
</testsuite> <!-- testngDemo.TestngDemo3 -->
