<?xml version="1.0" encoding="UTF-8"?>
<!-- Generated by org.testng.reporters.JUnitReportReporter -->
<testsuite hostname="DESKTOP-AAMQG5Q" failures="0" tests="5" name="testngDemo.TestngDemo" time="5.624" errors="0" timestamp="2025-07-17T22:50:17 IST" skipped="4">
  <testcase classname="testngDemo.TestngDemo" name="launchURL" time="5.624"/>
  <testcase classname="testngDemo.TestngDemo" name="demo1">
    <skipped/>
  </testcase> <!-- demo1 -->
  <testcase classname="testngDemo.TestngDemo" name="demo2">
    <skipped/>
  </testcase> <!-- demo2 -->
  <testcase classname="testngDemo.TestngDemo" name="retryTestDemo">
    <skipped/>
  </testcase> <!-- retryTestDemo -->
  <testcase classname="testngDemo.TestngDemo" name="demo3">
    <skipped/>
  </testcase> <!-- demo3 -->
</testsuite> <!-- testngDemo.TestngDemo -->
